<?xml version="1.0" encoding="UTF-8"?>
<testng-results skipped="0" failed="2" ignored="0" total="10" passed="8">
  <reporter-output>
  </reporter-output>
  <suite name="Suite" duration-ms="219299" started-at="2021-09-27T17:02:47 IST" finished-at="2021-09-27T17:06:26 IST">
    <groups>
    </groups>
    <test name="Test" duration-ms="219299" started-at="2021-09-27T17:02:47 IST" finished-at="2021-09-27T17:06:26 IST">
      <class name="com.urban.Runner.testRunner">
        <test-method status="PASS" signature="openbrowser()[pri:0, instance:com.urban.Runner.testRunner@74455848]" name="openbrowser" is-config="true" duration-ms="15043" started-at="2021-09-27T17:02:48 IST" finished-at="2021-09-27T17:03:03 IST">
          <reporter-output>
          </reporter-output>
        </test-method> <!-- openbrowser -->
        <test-method status="PASS" signature="test(java.lang.String)[pri:0, instance:com.urban.Runner.testRunner@74455848]" name="test" duration-ms="26144" started-at="2021-09-27T17:03:03 IST" data-provider="getdata1" finished-at="2021-09-27T17:03:29 IST">
          <params>
            <param index="0">
              <value>
                <![CDATA[hello]]>
              </value>
            </param>
          </params>
          <reporter-output>
          </reporter-output>
        </test-method> <!-- test -->
        <test-method status="PASS" signature="closebrowser()[pri:0, instance:com.urban.Runner.testRunner@74455848]" name="closebrowser" is-config="true" duration-ms="961" started-at="2021-09-27T17:03:29 IST" finished-at="2021-09-27T17:03:30 IST">
          <reporter-output>
          </reporter-output>
        </test-method> <!-- closebrowser -->
        <test-method status="PASS" signature="openbrowser()[pri:0, instance:com.urban.Runner.testRunner@74455848]" name="openbrowser" is-config="true" duration-ms="13906" started-at="2021-09-27T17:03:30 IST" finished-at="2021-09-27T17:03:44 IST">
          <reporter-output>
          </reporter-output>
        </test-method> <!-- openbrowser -->
        <test-method status="PASS" signature="testsearch(java.lang.String)[pri:1, instance:com.urban.Runner.testRunner@74455848]" name="testsearch" duration-ms="10573" started-at="2021-09-27T17:03:44 IST" data-provider="getdata" finished-at="2021-09-27T17:03:55 IST">
          <params>
            <param index="0">
              <value>
                <![CDATA[chair]]>
              </value>
            </param>
          </params>
          <reporter-output>
          </reporter-output>
        </test-method> <!-- testsearch -->
        <test-method status="PASS" signature="closebrowser()[pri:0, instance:com.urban.Runner.testRunner@74455848]" name="closebrowser" is-config="true" duration-ms="1015" started-at="2021-09-27T17:03:55 IST" finished-at="2021-09-27T17:03:56 IST">
          <reporter-output>
          </reporter-output>
        </test-method> <!-- closebrowser -->
        <test-method status="PASS" signature="openbrowser()[pri:0, instance:com.urban.Runner.testRunner@74455848]" name="openbrowser" is-config="true" duration-ms="14625" started-at="2021-09-27T17:03:56 IST" finished-at="2021-09-27T17:04:10 IST">
          <reporter-output>
          </reporter-output>
        </test-method> <!-- openbrowser -->
        <test-method status="FAIL" signature="testcampare(java.lang.String)[pri:2, instance:com.urban.Runner.testRunner@74455848]" name="testcampare" duration-ms="1197" started-at="2021-09-27T17:04:10 IST" data-provider="getdata" finished-at="2021-09-27T17:04:12 IST">
          <params>
            <param index="0">
              <value>
                <![CDATA[chair]]>
              </value>
            </param>
          </params>
          <exception class="org.openqa.selenium.ElementClickInterceptedException">
            <message>
              <![CDATA[element click intercepted: Element <input type="search" name="keywords" id="search" value="" placeholder="Search" itemprop="query-input" class="typeahead tt-input" autocomplete="off" spellcheck="false" dir="auto" style="position: relative; vertical-align: top; background-color: transparent;"> is not clickable at point (509, 80). Other element would receive the click: <div class="header__topBar-content">...</div>
  (Session info: chrome=94.0.4606.61)
Build info: version: '3.141.59', revision: 'e82be7d358', time: '2018-11-14T08:17:03'
System info: host: 'LAPTOP-BAVJ3J78', ip: '192.168.180.136', os.name: 'Windows 10', os.arch: 'amd64', os.version: '10.0', java.version: '1.8.0_144'
Driver info: org.openqa.selenium.chrome.ChromeDriver
Capabilities {acceptInsecureCerts: false, browserName: chrome, browserVersion: 94.0.4606.61, chrome: {chromedriverVersion: 94.0.4606.41 (333e85df3c9b6..., userDataDir: C:\Users\Mohan.S\AppData\Lo...}, goog:chromeOptions: {debuggerAddress: localhost:59879}, javascriptEnabled: true, networkConnectionEnabled: false, pageLoadStrategy: normal, platform: WINDOWS, platformName: WINDOWS, proxy: Proxy(), setWindowRect: true, strictFileInteractability: false, timeouts: {implicit: 0, pageLoad: 300000, script: 30000}, unhandledPromptBehavior: dismiss and notify, webauthn:extension:credBlob: true, webauthn:extension:largeBlob: true, webauthn:virtualAuthenticators: true}
Session ID: 50a8af8b2c541d5fa8869c1ab1b07c43]]>
            </message>
            <full-stacktrace>
              <![CDATA[org.openqa.selenium.ElementClickInterceptedException: element click intercepted: Element <input type="search" name="keywords" id="search" value="" placeholder="Search" itemprop="query-input" class="typeahead tt-input" autocomplete="off" spellcheck="false" dir="auto" style="position: relative; vertical-align: top; background-color: transparent;"> is not clickable at point (509, 80). Other element would receive the click: <div class="header__topBar-content">...</div>
  (Session info: chrome=94.0.4606.61)
Build info: version: '3.141.59', revision: 'e82be7d358', time: '2018-11-14T08:17:03'
System info: host: 'LAPTOP-BAVJ3J78', ip: '192.168.180.136', os.name: 'Windows 10', os.arch: 'amd64', os.version: '10.0', java.version: '1.8.0_144'
Driver info: org.openqa.selenium.chrome.ChromeDriver
Capabilities {acceptInsecureCerts: false, browserName: chrome, browserVersion: 94.0.4606.61, chrome: {chromedriverVersion: 94.0.4606.41 (333e85df3c9b6..., userDataDir: C:\Users\Mohan.S\AppData\Lo...}, goog:chromeOptions: {debuggerAddress: localhost:59879}, javascriptEnabled: true, networkConnectionEnabled: false, pageLoadStrategy: normal, platform: WINDOWS, platformName: WINDOWS, proxy: Proxy(), setWindowRect: true, strictFileInteractability: false, timeouts: {implicit: 0, pageLoad: 300000, script: 30000}, unhandledPromptBehavior: dismiss and notify, webauthn:extension:credBlob: true, webauthn:extension:largeBlob: true, webauthn:virtualAuthenticators: true}
Session ID: 50a8af8b2c541d5fa8869c1ab1b07c43
at sun.reflect.NativeConstructorAccessorImpl.newInstance0(Native Method)
at sun.reflect.NativeConstructorAccessorImpl.newInstance(NativeConstructorAccessorImpl.java:62)
at sun.reflect.DelegatingConstructorAccessorImpl.newInstance(DelegatingConstructorAccessorImpl.java:45)
at java.lang.reflect.Constructor.newInstance(Constructor.java:423)
at org.openqa.selenium.remote.http.W3CHttpResponseCodec.createException(W3CHttpResponseCodec.java:187)
at org.openqa.selenium.remote.http.W3CHttpResponseCodec.decode(W3CHttpResponseCodec.java:122)
at org.openqa.selenium.remote.http.W3CHttpResponseCodec.decode(W3CHttpResponseCodec.java:49)
at org.openqa.selenium.remote.HttpCommandExecutor.execute(HttpCommandExecutor.java:158)
at org.openqa.selenium.remote.service.DriverCommandExecutor.execute(DriverCommandExecutor.java:83)
at org.openqa.selenium.remote.RemoteWebDriver.execute(RemoteWebDriver.java:552)
at org.openqa.selenium.remote.RemoteWebElement.execute(RemoteWebElement.java:285)
at org.openqa.selenium.remote.RemoteWebElement.click(RemoteWebElement.java:84)
at com.urban.ReuseableComponents.Methods.search(Methods.java:127)
at com.urban.pageobject.Compare.comparebutton(Compare.java:11)
at com.urban.Runner.testRunner.testcampare(testRunner.java:90)
at sun.reflect.NativeMethodAccessorImpl.invoke0(Native Method)
at sun.reflect.NativeMethodAccessorImpl.invoke(NativeMethodAccessorImpl.java:62)
at sun.reflect.DelegatingMethodAccessorImpl.invoke(DelegatingMethodAccessorImpl.java:43)
at java.lang.reflect.Method.invoke(Method.java:498)
at org.testng.internal.MethodInvocationHelper.invokeMethod(MethodInvocationHelper.java:133)
at org.testng.internal.TestInvoker.invokeMethod(TestInvoker.java:598)
at org.testng.internal.TestInvoker.invokeTestMethod(TestInvoker.java:173)
at org.testng.internal.MethodRunner.runInSequence(MethodRunner.java:46)
at org.testng.internal.TestInvoker$MethodInvocationAgent.invoke(TestInvoker.java:824)
at org.testng.internal.TestInvoker.invokeTestMethods(TestInvoker.java:146)
at org.testng.internal.TestMethodWorker.invokeTestMethods(TestMethodWorker.java:146)
at org.testng.internal.TestMethodWorker.run(TestMethodWorker.java:128)
at java.util.ArrayList.forEach(ArrayList.java:1249)
at org.testng.TestRunner.privateRun(TestRunner.java:794)
at org.testng.TestRunner.run(TestRunner.java:596)
at org.testng.SuiteRunner.runTest(SuiteRunner.java:377)
at org.testng.SuiteRunner.runSequentially(SuiteRunner.java:371)
at org.testng.SuiteRunner.privateRun(SuiteRunner.java:332)
at org.testng.SuiteRunner.run(SuiteRunner.java:276)
at org.testng.SuiteRunnerWorker.runSuite(SuiteRunnerWorker.java:53)
at org.testng.SuiteRunnerWorker.run(SuiteRunnerWorker.java:96)
at org.testng.TestNG.runSuitesSequentially(TestNG.java:1212)
at org.testng.TestNG.runSuitesLocally(TestNG.java:1134)
at org.testng.TestNG.runSuites(TestNG.java:1063)
at org.testng.TestNG.run(TestNG.java:1031)
at org.testng.remote.AbstractRemoteTestNG.run(AbstractRemoteTestNG.java:115)
at org.testng.remote.RemoteTestNG.initAndRun(RemoteTestNG.java:251)
at org.testng.remote.RemoteTestNG.main(RemoteTestNG.java:77)
]]>
            </full-stacktrace>
          </exception> <!-- org.openqa.selenium.ElementClickInterceptedException -->
          <reporter-output>
          </reporter-output>
        </test-method> <!-- testcampare -->
        <test-method status="PASS" signature="closebrowser()[pri:0, instance:com.urban.Runner.testRunner@74455848]" name="closebrowser" is-config="true" duration-ms="1024" started-at="2021-09-27T17:04:12 IST" finished-at="2021-09-27T17:04:13 IST">
          <reporter-output>
          </reporter-output>
        </test-method> <!-- closebrowser -->
        <test-method status="PASS" signature="openbrowser()[pri:0, instance:com.urban.Runner.testRunner@74455848]" name="openbrowser" is-config="true" duration-ms="14432" started-at="2021-09-27T17:04:13 IST" finished-at="2021-09-27T17:04:27 IST">
          <reporter-output>
          </reporter-output>
        </test-method> <!-- openbrowser -->
        <test-method status="PASS" signature="teststore()[pri:3, instance:com.urban.Runner.testRunner@74455848]" name="teststore" duration-ms="3681" started-at="2021-09-27T17:04:27 IST" finished-at="2021-09-27T17:04:31 IST">
          <reporter-output>
          </reporter-output>
        </test-method> <!-- teststore -->
        <test-method status="PASS" signature="closebrowser()[pri:0, instance:com.urban.Runner.testRunner@74455848]" name="closebrowser" is-config="true" duration-ms="1017" started-at="2021-09-27T17:04:31 IST" finished-at="2021-09-27T17:04:32 IST">
          <reporter-output>
          </reporter-output>
        </test-method> <!-- closebrowser -->
        <test-method status="PASS" signature="openbrowser()[pri:0, instance:com.urban.Runner.testRunner@74455848]" name="openbrowser" is-config="true" duration-ms="13415" started-at="2021-09-27T17:04:32 IST" finished-at="2021-09-27T17:04:45 IST">
          <reporter-output>
          </reporter-output>
        </test-method> <!-- openbrowser -->
        <test-method status="FAIL" signature="testprice(java.lang.String)[pri:4, instance:com.urban.Runner.testRunner@74455848]" name="testprice" duration-ms="1171" started-at="2021-09-27T17:04:45 IST" data-provider="getdata2" finished-at="2021-09-27T17:04:46 IST">
          <params>
            <param index="0">
              <value>
                <![CDATA[bench]]>
              </value>
            </param>
          </params>
          <exception class="org.openqa.selenium.ElementClickInterceptedException">
            <message>
              <![CDATA[element click intercepted: Element <input type="search" name="keywords" id="search" value="" placeholder="Search" itemprop="query-input" class="typeahead tt-input" autocomplete="off" spellcheck="false" dir="auto" style="position: relative; vertical-align: top; background-color: transparent;"> is not clickable at point (509, 80). Other element would receive the click: <div class="header__topBar-content">...</div>
  (Session info: chrome=94.0.4606.61)
Build info: version: '3.141.59', revision: 'e82be7d358', time: '2018-11-14T08:17:03'
System info: host: 'LAPTOP-BAVJ3J78', ip: '192.168.180.136', os.name: 'Windows 10', os.arch: 'amd64', os.version: '10.0', java.version: '1.8.0_144'
Driver info: org.openqa.selenium.chrome.ChromeDriver
Capabilities {acceptInsecureCerts: false, browserName: chrome, browserVersion: 94.0.4606.61, chrome: {chromedriverVersion: 94.0.4606.41 (333e85df3c9b6..., userDataDir: C:\Users\Mohan.S\AppData\Lo...}, goog:chromeOptions: {debuggerAddress: localhost:51983}, javascriptEnabled: true, networkConnectionEnabled: false, pageLoadStrategy: normal, platform: WINDOWS, platformName: WINDOWS, proxy: Proxy(), setWindowRect: true, strictFileInteractability: false, timeouts: {implicit: 0, pageLoad: 300000, script: 30000}, unhandledPromptBehavior: dismiss and notify, webauthn:extension:credBlob: true, webauthn:extension:largeBlob: true, webauthn:virtualAuthenticators: true}
Session ID: 8581a186ff4cee5f2454077074427f7f]]>
            </message>
            <full-stacktrace>
              <![CDATA[org.openqa.selenium.ElementClickInterceptedException: element click intercepted: Element <input type="search" name="keywords" id="search" value="" placeholder="Search" itemprop="query-input" class="typeahead tt-input" autocomplete="off" spellcheck="false" dir="auto" style="position: relative; vertical-align: top; background-color: transparent;"> is not clickable at point (509, 80). Other element would receive the click: <div class="header__topBar-content">...</div>
  (Session info: chrome=94.0.4606.61)
Build info: version: '3.141.59', revision: 'e82be7d358', time: '2018-11-14T08:17:03'
System info: host: 'LAPTOP-BAVJ3J78', ip: '192.168.180.136', os.name: 'Windows 10', os.arch: 'amd64', os.version: '10.0', java.version: '1.8.0_144'
Driver info: org.openqa.selenium.chrome.ChromeDriver
Capabilities {acceptInsecureCerts: false, browserName: chrome, browserVersion: 94.0.4606.61, chrome: {chromedriverVersion: 94.0.4606.41 (333e85df3c9b6..., userDataDir: C:\Users\Mohan.S\AppData\Lo...}, goog:chromeOptions: {debuggerAddress: localhost:51983}, javascriptEnabled: true, networkConnectionEnabled: false, pageLoadStrategy: normal, platform: WINDOWS, platformName: WINDOWS, proxy: Proxy(), setWindowRect: true, strictFileInteractability: false, timeouts: {implicit: 0, pageLoad: 300000, script: 30000}, unhandledPromptBehavior: dismiss and notify, webauthn:extension:credBlob: true, webauthn:extension:largeBlob: true, webauthn:virtualAuthenticators: true}
Session ID: 8581a186ff4cee5f2454077074427f7f
at sun.reflect.NativeConstructorAccessorImpl.newInstance0(Native Method)
at sun.reflect.NativeConstructorAccessorImpl.newInstance(NativeConstructorAccessorImpl.java:62)
at sun.reflect.DelegatingConstructorAccessorImpl.newInstance(DelegatingConstructorAccessorImpl.java:45)
at java.lang.reflect.Constructor.newInstance(Constructor.java:423)
at org.openqa.selenium.remote.http.W3CHttpResponseCodec.createException(W3CHttpResponseCodec.java:187)
at org.openqa.selenium.remote.http.W3CHttpResponseCodec.decode(W3CHttpResponseCodec.java:122)
at org.openqa.selenium.remote.http.W3CHttpResponseCodec.decode(W3CHttpResponseCodec.java:49)
at org.openqa.selenium.remote.HttpCommandExecutor.execute(HttpCommandExecutor.java:158)
at org.openqa.selenium.remote.service.DriverCommandExecutor.execute(DriverCommandExecutor.java:83)
at org.openqa.selenium.remote.RemoteWebDriver.execute(RemoteWebDriver.java:552)
at org.openqa.selenium.remote.RemoteWebElement.execute(RemoteWebElement.java:285)
at org.openqa.selenium.remote.RemoteWebElement.click(RemoteWebElement.java:84)
at com.urban.ReuseableComponents.Methods.prices(Methods.java:141)
at com.urban.pageobject.price.priceamount(price.java:10)
at com.urban.Runner.testRunner.testprice(testRunner.java:102)
at sun.reflect.NativeMethodAccessorImpl.invoke0(Native Method)
at sun.reflect.NativeMethodAccessorImpl.invoke(NativeMethodAccessorImpl.java:62)
at sun.reflect.DelegatingMethodAccessorImpl.invoke(DelegatingMethodAccessorImpl.java:43)
at java.lang.reflect.Method.invoke(Method.java:498)
at org.testng.internal.MethodInvocationHelper.invokeMethod(MethodInvocationHelper.java:133)
at org.testng.internal.TestInvoker.invokeMethod(TestInvoker.java:598)
at org.testng.internal.TestInvoker.invokeTestMethod(TestInvoker.java:173)
at org.testng.internal.MethodRunner.runInSequence(MethodRunner.java:46)
at org.testng.internal.TestInvoker$MethodInvocationAgent.invoke(TestInvoker.java:824)
at org.testng.internal.TestInvoker.invokeTestMethods(TestInvoker.java:146)
at org.testng.internal.TestMethodWorker.invokeTestMethods(TestMethodWorker.java:146)
at org.testng.internal.TestMethodWorker.run(TestMethodWorker.java:128)
at java.util.ArrayList.forEach(ArrayList.java:1249)
at org.testng.TestRunner.privateRun(TestRunner.java:794)
at org.testng.TestRunner.run(TestRunner.java:596)
at org.testng.SuiteRunner.runTest(SuiteRunner.java:377)
at org.testng.SuiteRunner.runSequentially(SuiteRunner.java:371)
at org.testng.SuiteRunner.privateRun(SuiteRunner.java:332)
at org.testng.SuiteRunner.run(SuiteRunner.java:276)
at org.testng.SuiteRunnerWorker.runSuite(SuiteRunnerWorker.java:53)
at org.testng.SuiteRunnerWorker.run(SuiteRunnerWorker.java:96)
at org.testng.TestNG.runSuitesSequentially(TestNG.java:1212)
at org.testng.TestNG.runSuitesLocally(TestNG.java:1134)
at org.testng.TestNG.runSuites(TestNG.java:1063)
at org.testng.TestNG.run(TestNG.java:1031)
at org.testng.remote.AbstractRemoteTestNG.run(AbstractRemoteTestNG.java:115)
at org.testng.remote.RemoteTestNG.initAndRun(RemoteTestNG.java:251)
at org.testng.remote.RemoteTestNG.main(RemoteTestNG.java:77)
]]>
            </full-stacktrace>
          </exception> <!-- org.openqa.selenium.ElementClickInterceptedException -->
          <reporter-output>
          </reporter-output>
        </test-method> <!-- testprice -->
        <test-method status="PASS" signature="closebrowser()[pri:0, instance:com.urban.Runner.testRunner@74455848]" name="closebrowser" is-config="true" duration-ms="1072" started-at="2021-09-27T17:04:46 IST" finished-at="2021-09-27T17:04:48 IST">
          <reporter-output>
          </reporter-output>
        </test-method> <!-- closebrowser -->
        <test-method status="PASS" signature="openbrowser()[pri:0, instance:com.urban.Runner.testRunner@74455848]" name="openbrowser" is-config="true" duration-ms="13695" started-at="2021-09-27T17:04:48 IST" finished-at="2021-09-27T17:05:01 IST">
          <reporter-output>
          </reporter-output>
        </test-method> <!-- openbrowser -->
        <test-method status="PASS" signature="testsofa(java.lang.String)[pri:5, instance:com.urban.Runner.testRunner@74455848]" name="testsofa" duration-ms="6209" started-at="2021-09-27T17:05:01 IST" data-provider="getdata3" finished-at="2021-09-27T17:05:07 IST">
          <params>
            <param index="0">
              <value>
                <![CDATA[sofa]]>
              </value>
            </param>
          </params>
          <reporter-output>
          </reporter-output>
        </test-method> <!-- testsofa -->
        <test-method status="PASS" signature="closebrowser()[pri:0, instance:com.urban.Runner.testRunner@74455848]" name="closebrowser" is-config="true" duration-ms="1131" started-at="2021-09-27T17:05:07 IST" finished-at="2021-09-27T17:05:09 IST">
          <reporter-output>
          </reporter-output>
        </test-method> <!-- closebrowser -->
        <test-method status="PASS" signature="openbrowser()[pri:0, instance:com.urban.Runner.testRunner@74455848]" name="openbrowser" is-config="true" duration-ms="13560" started-at="2021-09-27T17:05:09 IST" finished-at="2021-09-27T17:05:22 IST">
          <reporter-output>
          </reporter-output>
        </test-method> <!-- openbrowser -->
        <test-method status="PASS" signature="sortresult(java.lang.String)[pri:6, instance:com.urban.Runner.testRunner@74455848]" name="sortresult" duration-ms="6282" started-at="2021-09-27T17:05:22 IST" data-provider="getdata4" finished-at="2021-09-27T17:05:28 IST">
          <params>
            <param index="0">
              <value>
                <![CDATA[Wall mirrors]]>
              </value>
            </param>
          </params>
          <reporter-output>
          </reporter-output>
        </test-method> <!-- sortresult -->
        <test-method status="PASS" signature="closebrowser()[pri:0, instance:com.urban.Runner.testRunner@74455848]" name="closebrowser" is-config="true" duration-ms="1073" started-at="2021-09-27T17:05:28 IST" finished-at="2021-09-27T17:05:29 IST">
          <reporter-output>
          </reporter-output>
        </test-method> <!-- closebrowser -->
        <test-method status="PASS" signature="openbrowser()[pri:0, instance:com.urban.Runner.testRunner@74455848]" name="openbrowser" is-config="true" duration-ms="13659" started-at="2021-09-27T17:05:29 IST" finished-at="2021-09-27T17:05:43 IST">
          <reporter-output>
          </reporter-output>
        </test-method> <!-- openbrowser -->
        <test-method status="PASS" signature="testlinks()[pri:7, instance:com.urban.Runner.testRunner@74455848]" name="testlinks" duration-ms="4646" started-at="2021-09-27T17:05:43 IST" finished-at="2021-09-27T17:05:48 IST">
          <reporter-output>
          </reporter-output>
        </test-method> <!-- testlinks -->
        <test-method status="PASS" signature="closebrowser()[pri:0, instance:com.urban.Runner.testRunner@74455848]" name="closebrowser" is-config="true" duration-ms="1035" started-at="2021-09-27T17:05:48 IST" finished-at="2021-09-27T17:05:49 IST">
          <reporter-output>
          </reporter-output>
        </test-method> <!-- closebrowser -->
        <test-method status="PASS" signature="openbrowser()[pri:0, instance:com.urban.Runner.testRunner@74455848]" name="openbrowser" is-config="true" duration-ms="14206" started-at="2021-09-27T17:05:49 IST" finished-at="2021-09-27T17:06:03 IST">
          <reporter-output>
          </reporter-output>
        </test-method> <!-- openbrowser -->
        <test-method status="PASS" signature="testemi()[pri:8, instance:com.urban.Runner.testRunner@74455848]" name="testemi" duration-ms="5272" started-at="2021-09-27T17:06:03 IST" finished-at="2021-09-27T17:06:08 IST">
          <reporter-output>
          </reporter-output>
        </test-method> <!-- testemi -->
        <test-method status="PASS" signature="closebrowser()[pri:0, instance:com.urban.Runner.testRunner@74455848]" name="closebrowser" is-config="true" duration-ms="992" started-at="2021-09-27T17:06:08 IST" finished-at="2021-09-27T17:06:09 IST">
          <reporter-output>
          </reporter-output>
        </test-method> <!-- closebrowser -->
        <test-method status="PASS" signature="openbrowser()[pri:0, instance:com.urban.Runner.testRunner@74455848]" name="openbrowser" is-config="true" duration-ms="13855" started-at="2021-09-27T17:06:09 IST" finished-at="2021-09-27T17:06:23 IST">
          <reporter-output>
          </reporter-output>
        </test-method> <!-- openbrowser -->
        <test-method status="PASS" signature="testDeals()[pri:9, instance:com.urban.Runner.testRunner@74455848]" name="testDeals" duration-ms="2112" started-at="2021-09-27T17:06:23 IST" finished-at="2021-09-27T17:06:25 IST">
          <reporter-output>
          </reporter-output>
        </test-method> <!-- testDeals -->
        <test-method status="PASS" signature="closebrowser()[pri:0, instance:com.urban.Runner.testRunner@74455848]" name="closebrowser" is-config="true" duration-ms="996" started-at="2021-09-27T17:06:25 IST" finished-at="2021-09-27T17:06:26 IST">
          <reporter-output>
          </reporter-output>
        </test-method> <!-- closebrowser -->
      </class> <!-- com.urban.Runner.testRunner -->
    </test> <!-- Test -->
  </suite> <!-- Suite -->
</testng-results>
